0 info it worked if it ends with ok
1 verbose cli [ '/usr/bin/node', '/usr/bin/npm', 'run', 'comp' ]
2 info using npm@3.5.2
3 info using node@v8.10.0
4 verbose run-script [ 'precomp', 'comp', 'postcomp' ]
5 info lifecycle sitioweb@1.0.0~precomp: sitioweb@1.0.0
6 silly lifecycle sitioweb@1.0.0~precomp: no script for precomp, continuing
7 info lifecycle sitioweb@1.0.0~comp: sitioweb@1.0.0
8 verbose lifecycle sitioweb@1.0.0~comp: unsafe-perm in lifecycle true
9 verbose lifecycle sitioweb@1.0.0~comp: PATH: /usr/share/npm/bin/node-gyp-bin:/mnt/f/.Business/WorldSolar/usf-formulario/node_modules/.bin:/usr/local/sbin:/usr/local/bin:/usr/sbin:/usr/bin:/sbin:/bin:/usr/games:/usr/local/games:/mnt/c/Windows/system32:/mnt/c/Windows:/mnt/c/Windows/System32/Wbem:/mnt/c/Windows/System32/WindowsPowerShell/v1.0/:/mnt/c/Windows/System32/OpenSSH/:/mnt/c/Program Files/Intel/WiFi/bin/:/mnt/c/Program Files/Common Files/Intel/WirelessCommon/:/mnt/c/Program Files/nodejs/:/mnt/c/ProgramData/chocolatey/bin:/mnt/c/Program Files/Git/cmd:/mnt/c/Users/Equipo 3/AppData/Local/Microsoft/WindowsApps:/mnt/c/Users/Equipo 3/AppData/Local/Programs/Microsoft VS Code/bin:/mnt/c/Program Files/Intel/WiFi/bin/:/mnt/c/Program Files/Common Files/Intel/WirelessCommon/:/mnt/c/Users/Equipo 3/AppData/Roaming/npm
10 verbose lifecycle sitioweb@1.0.0~comp: CWD: /mnt/f/.Business/WorldSolar/usf-formulario
11 silly lifecycle sitioweb@1.0.0~comp: Args: [ '-c', 'npm run scss && npm run min' ]
12 silly lifecycle sitioweb@1.0.0~comp: Returned: code: 1  signal: null
13 info lifecycle sitioweb@1.0.0~comp: Failed to exec comp script
14 verbose stack Error: sitioweb@1.0.0 comp: `npm run scss && npm run min`
14 verbose stack Exit status 1
14 verbose stack     at EventEmitter.<anonymous> (/usr/share/npm/lib/utils/lifecycle.js:232:16)
14 verbose stack     at emitTwo (events.js:126:13)
14 verbose stack     at EventEmitter.emit (events.js:214:7)
14 verbose stack     at ChildProcess.<anonymous> (/usr/share/npm/lib/utils/spawn.js:24:14)
14 verbose stack     at emitTwo (events.js:126:13)
14 verbose stack     at ChildProcess.emit (events.js:214:7)
14 verbose stack     at maybeClose (internal/child_process.js:925:16)
14 verbose stack     at Process.ChildProcess._handle.onexit (internal/child_process.js:209:5)
15 verbose pkgid sitioweb@1.0.0
16 verbose cwd /mnt/f/.Business/WorldSolar/usf-formulario
17 error Linux 5.10.16.3-microsoft-standard-WSL2
18 error argv "/usr/bin/node" "/usr/bin/npm" "run" "comp"
19 error node v8.10.0
20 error npm  v3.5.2
21 error code ELIFECYCLE
22 error sitioweb@1.0.0 comp: `npm run scss && npm run min`
22 error Exit status 1
23 error Failed at the sitioweb@1.0.0 comp script 'npm run scss && npm run min'.
23 error Make sure you have the latest version of node.js and npm installed.
23 error If you do, this is most likely a problem with the sitioweb package,
23 error not with npm itself.
23 error Tell the author that this fails on your system:
23 error     npm run scss && npm run min
23 error You can get information on how to open an issue for this project with:
23 error     npm bugs sitioweb
23 error Or if that isn't available, you can get their info via:
23 error     npm owner ls sitioweb
23 error There is likely additional logging output above.
24 verbose exit [ 1, true ]
